INFO 2025-06-04 21:31:17,548 views 14752 11008 Retrieved 4 upcoming classes
INFO 2025-06-04 21:47:31,396 views 14752 260 Retrieved 4 upcoming classes
INFO 2025-06-04 21:49:48,278 views 14752 16424 Retrieved 4 upcoming classes
INFO 2025-06-04 21:50:08,083 views 14752 22084 Retrieved 4 upcoming classes
INFO 2025-06-04 21:50:39,710 views 14752 10524 Retrieved 4 upcoming classes
INFO 2025-06-04 21:51:33,651 views 14752 6792 Booking created: john.doe@email.com for class YOGA
INFO 2025-06-04 23:05:41,695 views 14752 13480 Retrieved 4 upcoming classes
INFO 2025-06-04 23:07:09,908 views 14752 18796 Retrieved 4 upcoming classes
WARNING 2025-06-04 23:08:08,085 views 14752 18796 Invalid booking data: {'class_id': [ErrorDetail(string='This field is required.', code='required')], 'client_name': [ErrorDetail(string='This field is required.', code='required')], 'client_email': [ErrorDetail(string='This field is required.', code='required')]}
WARNING 2025-06-04 23:11:26,206 views 14752 18796 Invalid booking data: {'class_id': [ErrorDetail(string='This field is required.', code='required')], 'client_name': [ErrorDetail(string='This field is required.', code='required')], 'client_email': [ErrorDetail(string='This field is required.', code='required')]}
INFO 2025-06-04 23:13:10,884 views 14752 16884 Retrieved 4 upcoming classes
INFO 2025-06-04 23:14:11,353 views 14752 19760 Retrieved 0 bookings for 	john.doe@email.com
INFO 2025-06-04 23:14:54,129 views 14752 3200 Retrieved 0 bookings for john@email.com
INFO 2025-06-04 23:15:55,735 views 14752 19760 Retrieved 0 bookings for 	john.doe@email.com
INFO 2025-06-04 23:16:19,042 views 14752 13216 Retrieved 1 bookings for john.doe@email.com
INFO 2025-06-04 23:16:46,310 views 14752 19760 Retrieved 1 bookings for john.doe@email.com
INFO 2025-06-04 23:16:58,721 views 14752 19760 Retrieved 0 bookings for 	john.doe@email.com
INFO 2025-06-04 23:17:33,495 views 14752 19760 Retrieved 0 bookings for 	john.doe@email.com
INFO 2025-06-04 23:17:49,573 views 14752 19760 Retrieved 1 bookings for john.doe@email.com
INFO 2025-06-04 23:22:18,028 views 14752 19760 Booking created: john@email.com for class YOGA
INFO 2025-06-04 23:29:11,417 views 14752 19760 Retrieved 1 bookings for john@email.com
INFO 2025-06-04 23:38:22,668 views 14752 19760 Retrieved 0 upcoming classes
INFO 2025-06-05 00:15:44,594 views 15536 17388 Retrieved 4 upcoming classes
INFO 2025-06-05 00:16:27,635 views 15536 10076 Retrieved 4 upcoming classes
WARNING 2025-06-05 10:33:26,561 views 12292 2784 Invalid booking data: {'non_field_errors': [ErrorDetail(string='You have already booked this class.', code='invalid')]}
WARNING 2025-06-05 10:33:26,568 views 12292 2784 Invalid booking data: {'class_id': [ErrorDetail(string='No available slots for this class.', code='invalid')]}
INFO 2025-06-05 10:33:26,571 views 12292 2784 Booking created: test@example.com for class YOGA
INFO 2025-06-05 10:33:26,589 views 12292 2784 Retrieved 1 bookings for test@example.com
INFO 2025-06-05 10:33:26,595 views 12292 2784 Retrieved 1 upcoming classes
WARNING 2025-06-05 10:33:26,601 views 12292 2784 Invalid booking data: {'non_field_errors': [ErrorDetail(string='You have already booked this class.', code='invalid')]}
WARNING 2025-06-05 10:33:26,604 views 12292 2784 Invalid booking data: {'class_id': [ErrorDetail(string='No available slots for this class.', code='invalid')]}
INFO 2025-06-05 10:33:26,608 views 12292 2784 Booking created: test@example.com for class YOGA
INFO 2025-06-05 10:33:26,609 views 12292 2784 Retrieved 1 bookings for test@example.com
INFO 2025-06-05 10:33:26,614 views 12292 2784 Retrieved 1 upcoming classes
INFO 2025-06-05 10:49:22,530 views 18344 7724 Retrieved 1 upcoming classes
INFO 2025-06-05 10:58:41,025 views 18344 15932 Retrieved 0 upcoming classes
INFO 2025-06-05 10:58:52,529 views 18344 15932 Retrieved 0 upcoming classes
